# JRE version: OpenJDK Runtime Environment (8.0_242-b01) (build 1.8.0_242-release-1644-b01)
# Java VM: OpenJDK 64-Bit Server VM (25.242-b01 mixed mode windows-amd64 compressed oops)
Heap:
 PSYoungGen      total 339456K, used 240949K [0x00000000e0000000, 0x00000000ff700000, 0x0000000100000000)
  eden space 311808K, 68% used [0x00000000e0000000,0x00000000ed0bb178,0x00000000f3080000)
  from space 27648K, 98% used [0x00000000f3080000,0x00000000f4b12360,0x00000000f4b80000)
  to   space 100864K, 0% used [0x00000000f9480000,0x00000000f9480000,0x00000000ff700000)
 ParOldGen       total 339456K, used 267714K [0x00000000a0000000, 0x00000000b4b80000, 0x00000000e0000000)
  object space 339456K, 78% used [0x00000000a0000000,0x00000000b0570b98,0x00000000b4b80000)
 Metaspace       used 143949K, capacity 155852K, committed 156208K, reserved 1185792K
  class space    used 18608K, capacity 20669K, committed 20784K, reserved 1048576K
GC Heap History (10 events):
Event: 8461.556 GC heap before
{Heap before GC invocations=70 (full 7):
 PSYoungGen      total 392704K, used 320572K [0x00000000e0000000, 0x00000000ff280000, 0x0000000100000000)
  eden space 290304K, 100% used [0x00000000e0000000,0x00000000f1b80000,0x00000000f1b80000)
  from space 102400K, 29% used [0x00000000f8e80000,0x00000000fac0f1e0,0x00000000ff280000)
  to   space 110080K, 0% used [0x00000000f1b80000,0x00000000f1b80000,0x00000000f8700000)
 ParOldGen       total 339456K, used 201318K [0x00000000a0000000, 0x00000000b4b80000, 0x00000000e0000000)
  object space 339456K, 59% used [0x00000000a0000000,0x00000000ac499908,0x00000000b4b80000)
 Metaspace       used 132264K, capacity 141990K, committed 142256K, reserved 1173504K
  class space    used 16988K, capacity 18764K, committed 18864K, reserved 1048576K
Event: 8461.606 GC heap after
Heap after GC invocations=70 (full 7):
 PSYoungGen      total 400384K, used 9727K [0x00000000e0000000, 0x0000000100000000, 0x0000000100000000)
  eden space 290304K, 0% used [0x00000000e0000000,0x00000000e0000000,0x00000000f1b80000)
  from space 110080K, 8% used [0x00000000f1b80000,0x00000000f24ffed0,0x00000000f8700000)
  to   space 108544K, 0% used [0x00000000f9600000,0x00000000f9600000,0x0000000100000000)
 ParOldGen       total 339456K, used 211680K [0x00000000a0000000, 0x00000000b4b80000, 0x00000000e0000000)
  object space 339456K, 62% used [0x00000000a0000000,0x00000000aceb8398,0x00000000b4b80000)
 Metaspace       used 132264K, capacity 141990K, committed 142256K, reserved 1173504K
  class space    used 16988K, capacity 18764K, committed 18864K, reserved 1048576K
}
Event: 8467.867 GC heap before
{Heap before GC invocations=71 (full 7):
 PSYoungGen      total 400384K, used 300031K [0x00000000e0000000, 0x0000000100000000, 0x0000000100000000)
  eden space 290304K, 100% used [0x00000000e0000000,0x00000000f1b80000,0x00000000f1b80000)
  from space 110080K, 8% used [0x00000000f1b80000,0x00000000f24ffed0,0x00000000f8700000)
  to   space 108544K, 0% used [0x00000000f9600000,0x00000000f9600000,0x0000000100000000)
 ParOldGen       total 339456K, used 211680K [0x00000000a0000000, 0x00000000b4b80000, 0x00000000e0000000)
  object space 339456K, 62% used [0x00000000a0000000,0x00000000aceb8398,0x00000000b4b80000)
 Metaspace       used 140370K, capacity 151468K, committed 151600K, reserved 1181696K
  class space    used 18198K, capacity 20185K, committed 20272K, reserved 1048576K
Event: 8467.955 GC heap after
Heap after GC invocations=71 (full 7):
 PSYoungGen      total 403456K, used 23711K [0x00000000e0000000, 0x00000000ff580000, 0x0000000100000000)
  eden space 305664K, 0% used [0x00000000e0000000,0x00000000e0000000,0x00000000f2a80000)
  from space 97792K, 24% used [0x00000000f9600000,0x00000000fad27c00,0x00000000ff580000)
  to   space 103936K, 0% used [0x00000000f2a80000,0x00000000f2a80000,0x00000000f9000000)
 ParOldGen       total 339456K, used 214894K [0x00000000a0000000, 0x00000000b4b80000, 0x00000000e0000000)
  object space 339456K, 63% used [0x00000000a0000000,0x00000000ad1dbb08,0x00000000b4b80000)
 Metaspace       used 140370K, capacity 151468K, committed 151600K, reserved 1181696K
  class space    used 18198K, capacity 20185K, committed 20272K, reserved 1048576K
}
Event: 8470.347 GC heap before
{Heap before GC invocations=72 (full 7):
 PSYoungGen      total 403456K, used 329375K [0x00000000e0000000, 0x00000000ff580000, 0x0000000100000000)
  eden space 305664K, 100% used [0x00000000e0000000,0x00000000f2a80000,0x00000000f2a80000)
  from space 97792K, 24% used [0x00000000f9600000,0x00000000fad27c00,0x00000000ff580000)
  to   space 103936K, 0% used [0x00000000f2a80000,0x00000000f2a80000,0x00000000f9000000)
 ParOldGen       total 339456K, used 214894K [0x00000000a0000000, 0x00000000b4b80000, 0x00000000e0000000)
  object space 339456K, 63% used [0x00000000a0000000,0x00000000ad1dbb08,0x00000000b4b80000)
 Metaspace       used 142284K, capacity 153828K, committed 153904K, reserved 1183744K
  class space    used 18437K, capacity 20473K, committed 20528K, reserved 1048576K
Event: 8470.592 GC heap after
Heap after GC invocations=72 (full 7):
 PSYoungGen      total 409600K, used 64251K [0x00000000e0000000, 0x0000000100000000, 0x0000000100000000)
  eden space 305664K, 0% used [0x00000000e0000000,0x00000000e0000000,0x00000000f2a80000)
  from space 103936K, 61% used [0x00000000f2a80000,0x00000000f693ec60,0x00000000f9000000)
  to   space 107520K, 0% used [0x00000000f9700000,0x00000000f9700000,0x0000000100000000)
 ParOldGen       total 339456K, used 217519K [0x00000000a0000000, 0x00000000b4b80000, 0x00000000e0000000)
  object space 339456K, 64% used [0x00000000a0000000,0x00000000ad46bed8,0x00000000b4b80000)
 Metaspace       used 142284K, capacity 153828K, committed 153904K, reserved 1183744K
  class space    used 18437K, capacity 20473K, committed 20528K, reserved 1048576K
}
Event: 8473.087 GC heap before
{Heap before GC invocations=73 (full 7):
 PSYoungGen      total 409600K, used 369915K [0x00000000e0000000, 0x0000000100000000, 0x0000000100000000)
  eden space 305664K, 100% used [0x00000000e0000000,0x00000000f2a80000,0x00000000f2a80000)
  from space 103936K, 61% used [0x00000000f2a80000,0x00000000f693ec60,0x00000000f9000000)
  to   space 107520K, 0% used [0x00000000f9700000,0x00000000f9700000,0x0000000100000000)
 ParOldGen       total 339456K, used 217519K [0x00000000a0000000, 0x00000000b4b80000, 0x00000000e0000000)
  object space 339456K, 64% used [0x00000000a0000000,0x00000000ad46bed8,0x00000000b4b80000)
 Metaspace       used 142484K, capacity 153966K, committed 154160K, reserved 1183744K
  class space    used 18438K, capacity 20474K, committed 20528K, reserved 1048576K
Event: 8473.300 GC heap after
Heap after GC invocations=73 (full 7):
 PSYoungGen      total 417792K, used 51592K [0x00000000e0000000, 0x00000000ffe80000, 0x0000000100000000)
  eden space 311808K, 0% used [0x00000000e0000000,0x00000000e0000000,0x00000000f3080000)
  from space 105984K, 48% used [0x00000000f9700000,0x00000000fc962180,0x00000000ffe80000)
  to   space 104960K, 0% used [0x00000000f3080000,0x00000000f3080000,0x00000000f9700000)
 ParOldGen       total 339456K, used 262398K [0x00000000a0000000, 0x00000000b4b80000, 0x00000000e0000000)
  object space 339456K, 77% used [0x00000000a0000000,0x00000000b003fb70,0x00000000b4b80000)
 Metaspace       used 142484K, capacity 153966K, committed 154160K, reserved 1183744K
  class space    used 18438K, capacity 20474K, committed 20528K, reserved 1048576K
}
Event: 8585.313 GC heap before
{Heap before GC invocations=74 (full 7):
 PSYoungGen      total 417792K, used 363400K [0x00000000e0000000, 0x00000000ffe80000, 0x0000000100000000)
  eden space 311808K, 100% used [0x00000000e0000000,0x00000000f3080000,0x00000000f3080000)
  from space 105984K, 48% used [0x00000000f9700000,0x00000000fc962180,0x00000000ffe80000)
  to   space 104960K, 0% used [0x00000000f3080000,0x00000000f3080000,0x00000000f9700000)
 ParOldGen       total 339456K, used 262398K [0x00000000a0000000, 0x00000000b4b80000, 0x00000000e0000000)
  object space 339456K, 77% used [0x00000000a0000000,0x00000000b003fb70,0x00000000b4b80000)
 Metaspace       used 143733K, capacity 155354K, committed 155568K, reserved 1183744K
  class space    used 18589K, capacity 20638K, committed 20656K, reserved 1048576K
Event: 8585.362 GC heap after
Heap after GC invocations=74 (full 7):
 PSYoungGen      total 339456K, used 27208K [0x00000000e0000000, 0x00000000ff700000, 0x0000000100000000)
  eden space 311808K, 0% used [0x00000000e0000000,0x00000000e0000000,0x00000000f3080000)
  from space 27648K, 98% used [0x00000000f3080000,0x00000000f4b12360,0x00000000f4b80000)
  to   space 100864K, 0% used [0x00000000f9480000,0x00000000f9480000,0x00000000ff700000)
 ParOldGen       total 339456K, used 267714K [0x00000000a0000000, 0x00000000b4b80000, 0x00000000e0000000)
  object space 339456K, 78% used [0x00000000a0000000,0x00000000b0570b98,0x00000000b4b80000)
 Metaspace       used 143733K, capacity 155354K, committed 155568K, reserved 1183744K
  class space    used 18589K, capacity 20638K, committed 20656K, reserved 1048576K
}

